<?xml version="1.0" encoding="UTF-8"?>
<testsuite xmlns:xsi="http://www.w3.org/2001/XMLSchema-instance" xsi:noNamespaceSchemaLocation="https://maven.apache.org/surefire/maven-surefire-plugin/xsd/surefire-test-report.xsd" name="com.rafmaia.appDemo.AppDemoApplicationTests" time="1.153" tests="1" errors="0" skipped="0" failures="0">
  <properties>
    <property name="java.specification.version" value="17"/>
    <property name="sun.jnu.encoding" value="UTF-8"/>
    <property name="java.class.path" value="/Users/rafaelmaia/Documents/performance-testing-demo/appDemo/target/test-classes:/Users/rafaelmaia/Documents/performance-testing-demo/appDemo/target/classes:/Users/rafaelmaia/.m2/repository/org/springframework/boot/spring-boot-starter-actuator/3.0.0-RC1/spring-boot-starter-actuator-3.0.0-RC1.jar:/Users/rafaelmaia/.m2/repository/org/springframework/boot/spring-boot-starter/3.0.0-RC1/spring-boot-starter-3.0.0-RC1.jar:/Users/rafaelmaia/.m2/repository/org/springframework/boot/spring-boot-starter-logging/3.0.0-RC1/spring-boot-starter-logging-3.0.0-RC1.jar:/Users/rafaelmaia/.m2/repository/ch/qos/logback/logback-classic/1.4.4/logback-classic-1.4.4.jar:/Users/rafaelmaia/.m2/repository/ch/qos/logback/logback-core/1.4.4/logback-core-1.4.4.jar:/Users/rafaelmaia/.m2/repository/org/apache/logging/log4j/log4j-to-slf4j/2.19.0/log4j-to-slf4j-2.19.0.jar:/Users/rafaelmaia/.m2/repository/org/apache/logging/log4j/log4j-api/2.19.0/log4j-api-2.19.0.jar:/Users/rafaelmaia/.m2/repository/org/slf4j/jul-to-slf4j/2.0.3/jul-to-slf4j-2.0.3.jar:/Users/rafaelmaia/.m2/repository/jakarta/annotation/jakarta.annotation-api/2.0.0/jakarta.annotation-api-2.0.0.jar:/Users/rafaelmaia/.m2/repository/org/yaml/snakeyaml/1.33/snakeyaml-1.33.jar:/Users/rafaelmaia/.m2/repository/org/springframework/boot/spring-boot-actuator-autoconfigure/3.0.0-RC1/spring-boot-actuator-autoconfigure-3.0.0-RC1.jar:/Users/rafaelmaia/.m2/repository/org/springframework/boot/spring-boot-actuator/3.0.0-RC1/spring-boot-actuator-3.0.0-RC1.jar:/Users/rafaelmaia/.m2/repository/com/fasterxml/jackson/core/jackson-databind/2.14.0-rc2/jackson-databind-2.14.0-rc2.jar:/Users/rafaelmaia/.m2/repository/com/fasterxml/jackson/core/jackson-annotations/2.14.0-rc2/jackson-annotations-2.14.0-rc2.jar:/Users/rafaelmaia/.m2/repository/com/fasterxml/jackson/core/jackson-core/2.14.0-rc2/jackson-core-2.14.0-rc2.jar:/Users/rafaelmaia/.m2/repository/com/fasterxml/jackson/datatype/jackson-datatype-jsr310/2.14.0-rc2/jackson-datatype-jsr310-2.14.0-rc2.jar:/Users/rafaelmaia/.m2/repository/io/micrometer/micrometer-observation/1.10.0-RC1/micrometer-observation-1.10.0-RC1.jar:/Users/rafaelmaia/.m2/repository/org/springframework/boot/spring-boot-starter-webflux/3.0.0-RC1/spring-boot-starter-webflux-3.0.0-RC1.jar:/Users/rafaelmaia/.m2/repository/org/springframework/boot/spring-boot-starter-json/3.0.0-RC1/spring-boot-starter-json-3.0.0-RC1.jar:/Users/rafaelmaia/.m2/repository/com/fasterxml/jackson/datatype/jackson-datatype-jdk8/2.14.0-rc2/jackson-datatype-jdk8-2.14.0-rc2.jar:/Users/rafaelmaia/.m2/repository/com/fasterxml/jackson/module/jackson-module-parameter-names/2.14.0-rc2/jackson-module-parameter-names-2.14.0-rc2.jar:/Users/rafaelmaia/.m2/repository/org/springframework/boot/spring-boot-starter-reactor-netty/3.0.0-RC1/spring-boot-starter-reactor-netty-3.0.0-RC1.jar:/Users/rafaelmaia/.m2/repository/io/projectreactor/netty/reactor-netty-http/1.1.0-RC1/reactor-netty-http-1.1.0-RC1.jar:/Users/rafaelmaia/.m2/repository/io/netty/netty-codec-http/4.1.84.Final/netty-codec-http-4.1.84.Final.jar:/Users/rafaelmaia/.m2/repository/io/netty/netty-common/4.1.84.Final/netty-common-4.1.84.Final.jar:/Users/rafaelmaia/.m2/repository/io/netty/netty-buffer/4.1.84.Final/netty-buffer-4.1.84.Final.jar:/Users/rafaelmaia/.m2/repository/io/netty/netty-transport/4.1.84.Final/netty-transport-4.1.84.Final.jar:/Users/rafaelmaia/.m2/repository/io/netty/netty-codec/4.1.84.Final/netty-codec-4.1.84.Final.jar:/Users/rafaelmaia/.m2/repository/io/netty/netty-handler/4.1.84.Final/netty-handler-4.1.84.Final.jar:/Users/rafaelmaia/.m2/repository/io/netty/netty-codec-http2/4.1.84.Final/netty-codec-http2-4.1.84.Final.jar:/Users/rafaelmaia/.m2/repository/io/netty/netty-resolver-dns/4.1.84.Final/netty-resolver-dns-4.1.84.Final.jar:/Users/rafaelmaia/.m2/repository/io/netty/netty-resolver/4.1.84.Final/netty-resolver-4.1.84.Final.jar:/Users/rafaelmaia/.m2/repository/io/netty/netty-codec-dns/4.1.84.Final/netty-codec-dns-4.1.84.Final.jar:/Users/rafaelmaia/.m2/repository/io/netty/netty-resolver-dns-native-macos/4.1.84.Final/netty-resolver-dns-native-macos-4.1.84.Final-osx-x86_64.jar:/Users/rafaelmaia/.m2/repository/io/netty/netty-resolver-dns-classes-macos/4.1.84.Final/netty-resolver-dns-classes-macos-4.1.84.Final.jar:/Users/rafaelmaia/.m2/repository/io/netty/netty-transport-native-epoll/4.1.84.Final/netty-transport-native-epoll-4.1.84.Final-linux-x86_64.jar:/Users/rafaelmaia/.m2/repository/io/netty/netty-transport-native-unix-common/4.1.84.Final/netty-transport-native-unix-common-4.1.84.Final.jar:/Users/rafaelmaia/.m2/repository/io/netty/netty-transport-classes-epoll/4.1.84.Final/netty-transport-classes-epoll-4.1.84.Final.jar:/Users/rafaelmaia/.m2/repository/io/projectreactor/netty/reactor-netty-core/1.1.0-RC1/reactor-netty-core-1.1.0-RC1.jar:/Users/rafaelmaia/.m2/repository/io/netty/netty-handler-proxy/4.1.84.Final/netty-handler-proxy-4.1.84.Final.jar:/Users/rafaelmaia/.m2/repository/io/netty/netty-codec-socks/4.1.84.Final/netty-codec-socks-4.1.84.Final.jar:/Users/rafaelmaia/.m2/repository/org/springframework/spring-web/6.0.0-RC2/spring-web-6.0.0-RC2.jar:/Users/rafaelmaia/.m2/repository/org/springframework/spring-beans/6.0.0-RC2/spring-beans-6.0.0-RC2.jar:/Users/rafaelmaia/.m2/repository/org/springframework/spring-webflux/6.0.0-RC2/spring-webflux-6.0.0-RC2.jar:/Users/rafaelmaia/.m2/repository/org/springframework/boot/spring-boot-devtools/3.0.0-RC1/spring-boot-devtools-3.0.0-RC1.jar:/Users/rafaelmaia/.m2/repository/org/springframework/boot/spring-boot/3.0.0-RC1/spring-boot-3.0.0-RC1.jar:/Users/rafaelmaia/.m2/repository/org/springframework/spring-context/6.0.0-RC2/spring-context-6.0.0-RC2.jar:/Users/rafaelmaia/.m2/repository/org/springframework/spring-aop/6.0.0-RC2/spring-aop-6.0.0-RC2.jar:/Users/rafaelmaia/.m2/repository/org/springframework/spring-expression/6.0.0-RC2/spring-expression-6.0.0-RC2.jar:/Users/rafaelmaia/.m2/repository/org/springframework/boot/spring-boot-autoconfigure/3.0.0-RC1/spring-boot-autoconfigure-3.0.0-RC1.jar:/Users/rafaelmaia/.m2/repository/io/micrometer/micrometer-core/1.10.0/micrometer-core-1.10.0.jar:/Users/rafaelmaia/.m2/repository/io/micrometer/micrometer-commons/1.10.0-RC1/micrometer-commons-1.10.0-RC1.jar:/Users/rafaelmaia/.m2/repository/org/hdrhistogram/HdrHistogram/2.1.12/HdrHistogram-2.1.12.jar:/Users/rafaelmaia/.m2/repository/org/latencyutils/LatencyUtils/2.0.3/LatencyUtils-2.0.3.jar:/Users/rafaelmaia/.m2/repository/io/micrometer/micrometer-registry-influx/1.10.0-RC1/micrometer-registry-influx-1.10.0-RC1.jar:/Users/rafaelmaia/.m2/repository/org/slf4j/slf4j-api/2.0.3/slf4j-api-2.0.3.jar:/Users/rafaelmaia/.m2/repository/org/springframework/boot/spring-boot-starter-test/3.0.0-RC1/spring-boot-starter-test-3.0.0-RC1.jar:/Users/rafaelmaia/.m2/repository/org/springframework/boot/spring-boot-test/3.0.0-RC1/spring-boot-test-3.0.0-RC1.jar:/Users/rafaelmaia/.m2/repository/org/springframework/boot/spring-boot-test-autoconfigure/3.0.0-RC1/spring-boot-test-autoconfigure-3.0.0-RC1.jar:/Users/rafaelmaia/.m2/repository/com/jayway/jsonpath/json-path/2.7.0/json-path-2.7.0.jar:/Users/rafaelmaia/.m2/repository/net/minidev/json-smart/2.4.8/json-smart-2.4.8.jar:/Users/rafaelmaia/.m2/repository/net/minidev/accessors-smart/2.4.8/accessors-smart-2.4.8.jar:/Users/rafaelmaia/.m2/repository/org/ow2/asm/asm/9.1/asm-9.1.jar:/Users/rafaelmaia/.m2/repository/jakarta/xml/bind/jakarta.xml.bind-api/3.0.1/jakarta.xml.bind-api-3.0.1.jar:/Users/rafaelmaia/.m2/repository/com/sun/activation/jakarta.activation/2.0.1/jakarta.activation-2.0.1.jar:/Users/rafaelmaia/.m2/repository/org/assertj/assertj-core/3.23.1/assertj-core-3.23.1.jar:/Users/rafaelmaia/.m2/repository/net/bytebuddy/byte-buddy/1.12.18/byte-buddy-1.12.18.jar:/Users/rafaelmaia/.m2/repository/org/hamcrest/hamcrest/2.2/hamcrest-2.2.jar:/Users/rafaelmaia/.m2/repository/org/junit/jupiter/junit-jupiter/5.9.1/junit-jupiter-5.9.1.jar:/Users/rafaelmaia/.m2/repository/org/junit/jupiter/junit-jupiter-api/5.9.1/junit-jupiter-api-5.9.1.jar:/Users/rafaelmaia/.m2/repository/org/opentest4j/opentest4j/1.2.0/opentest4j-1.2.0.jar:/Users/rafaelmaia/.m2/repository/org/junit/platform/junit-platform-commons/1.9.1/junit-platform-commons-1.9.1.jar:/Users/rafaelmaia/.m2/repository/org/apiguardian/apiguardian-api/1.1.2/apiguardian-api-1.1.2.jar:/Users/rafaelmaia/.m2/repository/org/junit/jupiter/junit-jupiter-params/5.9.1/junit-jupiter-params-5.9.1.jar:/Users/rafaelmaia/.m2/repository/org/junit/jupiter/junit-jupiter-engine/5.9.1/junit-jupiter-engine-5.9.1.jar:/Users/rafaelmaia/.m2/repository/org/junit/platform/junit-platform-engine/1.9.1/junit-platform-engine-1.9.1.jar:/Users/rafaelmaia/.m2/repository/org/mockito/mockito-core/4.8.1/mockito-core-4.8.1.jar:/Users/rafaelmaia/.m2/repository/net/bytebuddy/byte-buddy-agent/1.12.18/byte-buddy-agent-1.12.18.jar:/Users/rafaelmaia/.m2/repository/org/objenesis/objenesis/3.2/objenesis-3.2.jar:/Users/rafaelmaia/.m2/repository/org/mockito/mockito-junit-jupiter/4.8.1/mockito-junit-jupiter-4.8.1.jar:/Users/rafaelmaia/.m2/repository/org/skyscreamer/jsonassert/1.5.1/jsonassert-1.5.1.jar:/Users/rafaelmaia/.m2/repository/com/vaadin/external/google/android-json/0.0.20131108.vaadin1/android-json-0.0.20131108.vaadin1.jar:/Users/rafaelmaia/.m2/repository/org/springframework/spring-core/6.0.0-RC2/spring-core-6.0.0-RC2.jar:/Users/rafaelmaia/.m2/repository/org/springframework/spring-jcl/6.0.0-RC2/spring-jcl-6.0.0-RC2.jar:/Users/rafaelmaia/.m2/repository/org/springframework/spring-test/6.0.0-RC2/spring-test-6.0.0-RC2.jar:/Users/rafaelmaia/.m2/repository/org/xmlunit/xmlunit-core/2.9.0/xmlunit-core-2.9.0.jar:/Users/rafaelmaia/.m2/repository/io/projectreactor/reactor-test/3.5.0-RC1/reactor-test-3.5.0-RC1.jar:/Users/rafaelmaia/.m2/repository/io/projectreactor/reactor-core/3.5.0-RC1/reactor-core-3.5.0-RC1.jar:/Users/rafaelmaia/.m2/repository/org/reactivestreams/reactive-streams/1.0.4/reactive-streams-1.0.4.jar:"/>
    <property name="java.vm.vendor" value="Eclipse Adoptium"/>
    <property name="sun.arch.data.model" value="64"/>
    <property name="java.vendor.url" value="https://adoptium.net/"/>
    <property name="os.name" value="Mac OS X"/>
    <property name="java.vm.specification.version" value="17"/>
    <property name="sun.java.launcher" value="SUN_STANDARD"/>
    <property name="user.country" value="NL"/>
    <property name="sun.boot.library.path" value="/Users/rafaelmaia/.sdkman/candidates/java/17.0.3-tem/lib"/>
    <property name="sun.java.command" value="/Users/rafaelmaia/Documents/performance-testing-demo/appDemo/target/surefire/surefirebooter11661277738851366323.jar /Users/rafaelmaia/Documents/performance-testing-demo/appDemo/target/surefire 2022-11-11T14-53-05_645-jvmRun1 surefire15529971306199120204tmp surefire_03347563948752112331tmp"/>
    <property name="http.nonProxyHosts" value="local|*.local|169.254/16|*.169.254/16"/>
    <property name="jdk.debug" value="release"/>
    <property name="surefire.test.class.path" value="/Users/rafaelmaia/Documents/performance-testing-demo/appDemo/target/test-classes:/Users/rafaelmaia/Documents/performance-testing-demo/appDemo/target/classes:/Users/rafaelmaia/.m2/repository/org/springframework/boot/spring-boot-starter-actuator/3.0.0-RC1/spring-boot-starter-actuator-3.0.0-RC1.jar:/Users/rafaelmaia/.m2/repository/org/springframework/boot/spring-boot-starter/3.0.0-RC1/spring-boot-starter-3.0.0-RC1.jar:/Users/rafaelmaia/.m2/repository/org/springframework/boot/spring-boot-starter-logging/3.0.0-RC1/spring-boot-starter-logging-3.0.0-RC1.jar:/Users/rafaelmaia/.m2/repository/ch/qos/logback/logback-classic/1.4.4/logback-classic-1.4.4.jar:/Users/rafaelmaia/.m2/repository/ch/qos/logback/logback-core/1.4.4/logback-core-1.4.4.jar:/Users/rafaelmaia/.m2/repository/org/apache/logging/log4j/log4j-to-slf4j/2.19.0/log4j-to-slf4j-2.19.0.jar:/Users/rafaelmaia/.m2/repository/org/apache/logging/log4j/log4j-api/2.19.0/log4j-api-2.19.0.jar:/Users/rafaelmaia/.m2/repository/org/slf4j/jul-to-slf4j/2.0.3/jul-to-slf4j-2.0.3.jar:/Users/rafaelmaia/.m2/repository/jakarta/annotation/jakarta.annotation-api/2.0.0/jakarta.annotation-api-2.0.0.jar:/Users/rafaelmaia/.m2/repository/org/yaml/snakeyaml/1.33/snakeyaml-1.33.jar:/Users/rafaelmaia/.m2/repository/org/springframework/boot/spring-boot-actuator-autoconfigure/3.0.0-RC1/spring-boot-actuator-autoconfigure-3.0.0-RC1.jar:/Users/rafaelmaia/.m2/repository/org/springframework/boot/spring-boot-actuator/3.0.0-RC1/spring-boot-actuator-3.0.0-RC1.jar:/Users/rafaelmaia/.m2/repository/com/fasterxml/jackson/core/jackson-databind/2.14.0-rc2/jackson-databind-2.14.0-rc2.jar:/Users/rafaelmaia/.m2/repository/com/fasterxml/jackson/core/jackson-annotations/2.14.0-rc2/jackson-annotations-2.14.0-rc2.jar:/Users/rafaelmaia/.m2/repository/com/fasterxml/jackson/core/jackson-core/2.14.0-rc2/jackson-core-2.14.0-rc2.jar:/Users/rafaelmaia/.m2/repository/com/fasterxml/jackson/datatype/jackson-datatype-jsr310/2.14.0-rc2/jackson-datatype-jsr310-2.14.0-rc2.jar:/Users/rafaelmaia/.m2/repository/io/micrometer/micrometer-observation/1.10.0-RC1/micrometer-observation-1.10.0-RC1.jar:/Users/rafaelmaia/.m2/repository/org/springframework/boot/spring-boot-starter-webflux/3.0.0-RC1/spring-boot-starter-webflux-3.0.0-RC1.jar:/Users/rafaelmaia/.m2/repository/org/springframework/boot/spring-boot-starter-json/3.0.0-RC1/spring-boot-starter-json-3.0.0-RC1.jar:/Users/rafaelmaia/.m2/repository/com/fasterxml/jackson/datatype/jackson-datatype-jdk8/2.14.0-rc2/jackson-datatype-jdk8-2.14.0-rc2.jar:/Users/rafaelmaia/.m2/repository/com/fasterxml/jackson/module/jackson-module-parameter-names/2.14.0-rc2/jackson-module-parameter-names-2.14.0-rc2.jar:/Users/rafaelmaia/.m2/repository/org/springframework/boot/spring-boot-starter-reactor-netty/3.0.0-RC1/spring-boot-starter-reactor-netty-3.0.0-RC1.jar:/Users/rafaelmaia/.m2/repository/io/projectreactor/netty/reactor-netty-http/1.1.0-RC1/reactor-netty-http-1.1.0-RC1.jar:/Users/rafaelmaia/.m2/repository/io/netty/netty-codec-http/4.1.84.Final/netty-codec-http-4.1.84.Final.jar:/Users/rafaelmaia/.m2/repository/io/netty/netty-common/4.1.84.Final/netty-common-4.1.84.Final.jar:/Users/rafaelmaia/.m2/repository/io/netty/netty-buffer/4.1.84.Final/netty-buffer-4.1.84.Final.jar:/Users/rafaelmaia/.m2/repository/io/netty/netty-transport/4.1.84.Final/netty-transport-4.1.84.Final.jar:/Users/rafaelmaia/.m2/repository/io/netty/netty-codec/4.1.84.Final/netty-codec-4.1.84.Final.jar:/Users/rafaelmaia/.m2/repository/io/netty/netty-handler/4.1.84.Final/netty-handler-4.1.84.Final.jar:/Users/rafaelmaia/.m2/repository/io/netty/netty-codec-http2/4.1.84.Final/netty-codec-http2-4.1.84.Final.jar:/Users/rafaelmaia/.m2/repository/io/netty/netty-resolver-dns/4.1.84.Final/netty-resolver-dns-4.1.84.Final.jar:/Users/rafaelmaia/.m2/repository/io/netty/netty-resolver/4.1.84.Final/netty-resolver-4.1.84.Final.jar:/Users/rafaelmaia/.m2/repository/io/netty/netty-codec-dns/4.1.84.Final/netty-codec-dns-4.1.84.Final.jar:/Users/rafaelmaia/.m2/repository/io/netty/netty-resolver-dns-native-macos/4.1.84.Final/netty-resolver-dns-native-macos-4.1.84.Final-osx-x86_64.jar:/Users/rafaelmaia/.m2/repository/io/netty/netty-resolver-dns-classes-macos/4.1.84.Final/netty-resolver-dns-classes-macos-4.1.84.Final.jar:/Users/rafaelmaia/.m2/repository/io/netty/netty-transport-native-epoll/4.1.84.Final/netty-transport-native-epoll-4.1.84.Final-linux-x86_64.jar:/Users/rafaelmaia/.m2/repository/io/netty/netty-transport-native-unix-common/4.1.84.Final/netty-transport-native-unix-common-4.1.84.Final.jar:/Users/rafaelmaia/.m2/repository/io/netty/netty-transport-classes-epoll/4.1.84.Final/netty-transport-classes-epoll-4.1.84.Final.jar:/Users/rafaelmaia/.m2/repository/io/projectreactor/netty/reactor-netty-core/1.1.0-RC1/reactor-netty-core-1.1.0-RC1.jar:/Users/rafaelmaia/.m2/repository/io/netty/netty-handler-proxy/4.1.84.Final/netty-handler-proxy-4.1.84.Final.jar:/Users/rafaelmaia/.m2/repository/io/netty/netty-codec-socks/4.1.84.Final/netty-codec-socks-4.1.84.Final.jar:/Users/rafaelmaia/.m2/repository/org/springframework/spring-web/6.0.0-RC2/spring-web-6.0.0-RC2.jar:/Users/rafaelmaia/.m2/repository/org/springframework/spring-beans/6.0.0-RC2/spring-beans-6.0.0-RC2.jar:/Users/rafaelmaia/.m2/repository/org/springframework/spring-webflux/6.0.0-RC2/spring-webflux-6.0.0-RC2.jar:/Users/rafaelmaia/.m2/repository/org/springframework/boot/spring-boot-devtools/3.0.0-RC1/spring-boot-devtools-3.0.0-RC1.jar:/Users/rafaelmaia/.m2/repository/org/springframework/boot/spring-boot/3.0.0-RC1/spring-boot-3.0.0-RC1.jar:/Users/rafaelmaia/.m2/repository/org/springframework/spring-context/6.0.0-RC2/spring-context-6.0.0-RC2.jar:/Users/rafaelmaia/.m2/repository/org/springframework/spring-aop/6.0.0-RC2/spring-aop-6.0.0-RC2.jar:/Users/rafaelmaia/.m2/repository/org/springframework/spring-expression/6.0.0-RC2/spring-expression-6.0.0-RC2.jar:/Users/rafaelmaia/.m2/repository/org/springframework/boot/spring-boot-autoconfigure/3.0.0-RC1/spring-boot-autoconfigure-3.0.0-RC1.jar:/Users/rafaelmaia/.m2/repository/io/micrometer/micrometer-core/1.10.0/micrometer-core-1.10.0.jar:/Users/rafaelmaia/.m2/repository/io/micrometer/micrometer-commons/1.10.0-RC1/micrometer-commons-1.10.0-RC1.jar:/Users/rafaelmaia/.m2/repository/org/hdrhistogram/HdrHistogram/2.1.12/HdrHistogram-2.1.12.jar:/Users/rafaelmaia/.m2/repository/org/latencyutils/LatencyUtils/2.0.3/LatencyUtils-2.0.3.jar:/Users/rafaelmaia/.m2/repository/io/micrometer/micrometer-registry-influx/1.10.0-RC1/micrometer-registry-influx-1.10.0-RC1.jar:/Users/rafaelmaia/.m2/repository/org/slf4j/slf4j-api/2.0.3/slf4j-api-2.0.3.jar:/Users/rafaelmaia/.m2/repository/org/springframework/boot/spring-boot-starter-test/3.0.0-RC1/spring-boot-starter-test-3.0.0-RC1.jar:/Users/rafaelmaia/.m2/repository/org/springframework/boot/spring-boot-test/3.0.0-RC1/spring-boot-test-3.0.0-RC1.jar:/Users/rafaelmaia/.m2/repository/org/springframework/boot/spring-boot-test-autoconfigure/3.0.0-RC1/spring-boot-test-autoconfigure-3.0.0-RC1.jar:/Users/rafaelmaia/.m2/repository/com/jayway/jsonpath/json-path/2.7.0/json-path-2.7.0.jar:/Users/rafaelmaia/.m2/repository/net/minidev/json-smart/2.4.8/json-smart-2.4.8.jar:/Users/rafaelmaia/.m2/repository/net/minidev/accessors-smart/2.4.8/accessors-smart-2.4.8.jar:/Users/rafaelmaia/.m2/repository/org/ow2/asm/asm/9.1/asm-9.1.jar:/Users/rafaelmaia/.m2/repository/jakarta/xml/bind/jakarta.xml.bind-api/3.0.1/jakarta.xml.bind-api-3.0.1.jar:/Users/rafaelmaia/.m2/repository/com/sun/activation/jakarta.activation/2.0.1/jakarta.activation-2.0.1.jar:/Users/rafaelmaia/.m2/repository/org/assertj/assertj-core/3.23.1/assertj-core-3.23.1.jar:/Users/rafaelmaia/.m2/repository/net/bytebuddy/byte-buddy/1.12.18/byte-buddy-1.12.18.jar:/Users/rafaelmaia/.m2/repository/org/hamcrest/hamcrest/2.2/hamcrest-2.2.jar:/Users/rafaelmaia/.m2/repository/org/junit/jupiter/junit-jupiter/5.9.1/junit-jupiter-5.9.1.jar:/Users/rafaelmaia/.m2/repository/org/junit/jupiter/junit-jupiter-api/5.9.1/junit-jupiter-api-5.9.1.jar:/Users/rafaelmaia/.m2/repository/org/opentest4j/opentest4j/1.2.0/opentest4j-1.2.0.jar:/Users/rafaelmaia/.m2/repository/org/junit/platform/junit-platform-commons/1.9.1/junit-platform-commons-1.9.1.jar:/Users/rafaelmaia/.m2/repository/org/apiguardian/apiguardian-api/1.1.2/apiguardian-api-1.1.2.jar:/Users/rafaelmaia/.m2/repository/org/junit/jupiter/junit-jupiter-params/5.9.1/junit-jupiter-params-5.9.1.jar:/Users/rafaelmaia/.m2/repository/org/junit/jupiter/junit-jupiter-engine/5.9.1/junit-jupiter-engine-5.9.1.jar:/Users/rafaelmaia/.m2/repository/org/junit/platform/junit-platform-engine/1.9.1/junit-platform-engine-1.9.1.jar:/Users/rafaelmaia/.m2/repository/org/mockito/mockito-core/4.8.1/mockito-core-4.8.1.jar:/Users/rafaelmaia/.m2/repository/net/bytebuddy/byte-buddy-agent/1.12.18/byte-buddy-agent-1.12.18.jar:/Users/rafaelmaia/.m2/repository/org/objenesis/objenesis/3.2/objenesis-3.2.jar:/Users/rafaelmaia/.m2/repository/org/mockito/mockito-junit-jupiter/4.8.1/mockito-junit-jupiter-4.8.1.jar:/Users/rafaelmaia/.m2/repository/org/skyscreamer/jsonassert/1.5.1/jsonassert-1.5.1.jar:/Users/rafaelmaia/.m2/repository/com/vaadin/external/google/android-json/0.0.20131108.vaadin1/android-json-0.0.20131108.vaadin1.jar:/Users/rafaelmaia/.m2/repository/org/springframework/spring-core/6.0.0-RC2/spring-core-6.0.0-RC2.jar:/Users/rafaelmaia/.m2/repository/org/springframework/spring-jcl/6.0.0-RC2/spring-jcl-6.0.0-RC2.jar:/Users/rafaelmaia/.m2/repository/org/springframework/spring-test/6.0.0-RC2/spring-test-6.0.0-RC2.jar:/Users/rafaelmaia/.m2/repository/org/xmlunit/xmlunit-core/2.9.0/xmlunit-core-2.9.0.jar:/Users/rafaelmaia/.m2/repository/io/projectreactor/reactor-test/3.5.0-RC1/reactor-test-3.5.0-RC1.jar:/Users/rafaelmaia/.m2/repository/io/projectreactor/reactor-core/3.5.0-RC1/reactor-core-3.5.0-RC1.jar:/Users/rafaelmaia/.m2/repository/org/reactivestreams/reactive-streams/1.0.4/reactive-streams-1.0.4.jar:"/>
    <property name="sun.cpu.endian" value="little"/>
    <property name="user.home" value="/Users/rafaelmaia"/>
    <property name="user.language" value="en"/>
    <property name="java.specification.vendor" value="Oracle Corporation"/>
    <property name="java.version.date" value="2022-04-19"/>
    <property name="java.home" value="/Users/rafaelmaia/.sdkman/candidates/java/17.0.3-tem"/>
    <property name="file.separator" value="/"/>
    <property name="basedir" value="/Users/rafaelmaia/Documents/performance-testing-demo/appDemo"/>
    <property name="java.vm.compressedOopsMode" value="Zero based"/>
    <property name="line.separator" value="&#10;"/>
    <property name="java.specification.name" value="Java Platform API Specification"/>
    <property name="java.vm.specification.vendor" value="Oracle Corporation"/>
    <property name="surefire.real.class.path" value="/Users/rafaelmaia/Documents/performance-testing-demo/appDemo/target/surefire/surefirebooter11661277738851366323.jar"/>
    <property name="sun.management.compiler" value="HotSpot 64-Bit Tiered Compilers"/>
    <property name="ftp.nonProxyHosts" value="local|*.local|169.254/16|*.169.254/16"/>
    <property name="java.runtime.version" value="17.0.3+7"/>
    <property name="user.name" value="rafaelmaia"/>
    <property name="path.separator" value=":"/>
    <property name="os.version" value="12.6"/>
    <property name="java.runtime.name" value="OpenJDK Runtime Environment"/>
    <property name="file.encoding" value="UTF-8"/>
    <property name="java.vm.name" value="OpenJDK 64-Bit Server VM"/>
    <property name="java.vendor.version" value="Temurin-17.0.3+7"/>
    <property name="localRepository" value="/Users/rafaelmaia/.m2/repository"/>
    <property name="java.vendor.url.bug" value="https://github.com/adoptium/adoptium-support/issues"/>
    <property name="java.io.tmpdir" value="/var/folders/2_/4ysny31s1bg6j4p2k0dnbq2c0000gn/T/"/>
    <property name="java.version" value="17.0.3"/>
    <property name="user.dir" value="/Users/rafaelmaia/Documents/performance-testing-demo/appDemo"/>
    <property name="os.arch" value="aarch64"/>
    <property name="java.vm.specification.name" value="Java Virtual Machine Specification"/>
    <property name="native.encoding" value="UTF-8"/>
    <property name="java.library.path" value="/Users/rafaelmaia/Library/Java/Extensions:/Library/Java/Extensions:/Network/Library/Java/Extensions:/System/Library/Java/Extensions:/usr/lib/java:."/>
    <property name="java.vm.info" value="mixed mode"/>
    <property name="java.vendor" value="Eclipse Adoptium"/>
    <property name="java.vm.version" value="17.0.3+7"/>
    <property name="sun.io.unicode.encoding" value="UnicodeBig"/>
    <property name="socksNonProxyHosts" value="local|*.local|169.254/16|*.169.254/16"/>
    <property name="java.class.version" value="61.0"/>
  </properties>
  <testcase name="contextLoads" classname="com.rafmaia.appDemo.AppDemoApplicationTests" time="0.16"/>
</testsuite>